# JRE version: OpenJDK Runtime Environment Temurin-17.0.3+7 (17.0.3+7) (build 17.0.3+7)
# Java VM: OpenJDK 64-Bit Server VM Temurin-17.0.3+7 (17.0.3+7, mixed mode, emulated-client, tiered, compressed oops, compressed class ptrs, g1 gc, windows-amd64)
GC Precious Log:
 CPUs: 4 total, 4 available
 Memory: 7102M
 Large Page Support: Disabled
 NUMA Support: Disabled
 Compressed Oops: Enabled (32-bit)
 Heap Region Size: 1M
 Heap Min Capacity: 8M
 Heap Initial Capacity: 112M
 Heap Max Capacity: 1776M
 Pre-touch: Disabled
 Parallel Workers: 4
 Concurrent Workers: 1
 Concurrent Refinement Workers: 4
 Periodic GC: Disabled
Heap:
 garbage-first heap   total 128000K, used 51253K [0x0000000091000000, 0x0000000100000000)
  region size 1024K, 6 young (6144K), 6 survivors (6144K)
 Metaspace       used 34169K, committed 34496K, reserved 1081344K
  class space    used 4431K, committed 4608K, reserved 1048576K
GC Heap History (20 events):
Event: 20.892 GC heap after
{Heap after GC invocations=17 (full 0):
 garbage-first heap   total 56320K, used 32910K [0x0000000091000000, 0x0000000100000000)
  region size 1024K, 1 young (1024K), 1 survivors (1024K)
 Metaspace       used 33842K, committed 34176K, reserved 1081344K
  class space    used 4399K, committed 4544K, reserved 1048576K
}
Event: 21.005 GC heap before
{Heap before GC invocations=17 (full 0):
 garbage-first heap   total 56320K, used 42126K [0x0000000091000000, 0x0000000100000000)
  region size 1024K, 10 young (10240K), 1 survivors (1024K)
 Metaspace       used 33842K, committed 34176K, reserved 1081344K
  class space    used 4399K, committed 4544K, reserved 1048576K
}
Event: 21.023 GC heap after
{Heap after GC invocations=18 (full 0):
 garbage-first heap   total 56320K, used 38388K [0x0000000091000000, 0x0000000100000000)
  region size 1024K, 2 young (2048K), 2 survivors (2048K)
 Metaspace       used 33842K, committed 34176K, reserved 1081344K
  class space    used 4399K, committed 4544K, reserved 1048576K
}
Event: 21.204 GC heap before
{Heap before GC invocations=19 (full 0):
 garbage-first heap   total 68608K, used 41460K [0x0000000091000000, 0x0000000100000000)
  region size 1024K, 6 young (6144K), 2 survivors (2048K)
 Metaspace       used 33929K, committed 34240K, reserved 1081344K
  class space    used 4407K, committed 4544K, reserved 1048576K
}
Event: 21.219 GC heap after
{Heap after GC invocations=20 (full 0):
 garbage-first heap   total 68608K, used 40530K [0x0000000091000000, 0x0000000100000000)
  region size 1024K, 1 young (1024K), 1 survivors (1024K)
 Metaspace       used 33929K, committed 34240K, reserved 1081344K
  class space    used 4407K, committed 4544K, reserved 1048576K
}
Event: 21.399 GC heap before
{Heap before GC invocations=20 (full 0):
 garbage-first heap   total 68608K, used 41554K [0x0000000091000000, 0x0000000100000000)
  region size 1024K, 3 young (3072K), 1 survivors (1024K)
 Metaspace       used 33929K, committed 34240K, reserved 1081344K
  class space    used 4407K, committed 4544K, reserved 1048576K
}
Event: 21.406 GC heap after
{Heap after GC invocations=21 (full 0):
 garbage-first heap   total 68608K, used 40852K [0x0000000091000000, 0x0000000100000000)
  region size 1024K, 1 young (1024K), 1 survivors (1024K)
 Metaspace       used 33929K, committed 34240K, reserved 1081344K
  class space    used 4407K, committed 4544K, reserved 1048576K
}
Event: 22.655 GC heap before
{Heap before GC invocations=21 (full 0):
 garbage-first heap   total 68608K, used 48020K [0x0000000091000000, 0x0000000100000000)
  region size 1024K, 9 young (9216K), 1 survivors (1024K)
 Metaspace       used 33931K, committed 34240K, reserved 1081344K
  class space    used 4409K, committed 4544K, reserved 1048576K
}
Event: 22.660 GC heap after
{Heap after GC invocations=22 (full 0):
 garbage-first heap   total 68608K, used 41536K [0x0000000091000000, 0x0000000100000000)
  region size 1024K, 1 young (1024K), 1 survivors (1024K)
 Metaspace       used 33931K, committed 34240K, reserved 1081344K
  class space    used 4409K, committed 4544K, reserved 1048576K
}
Event: 22.986 GC heap before
{Heap before GC invocations=23 (full 0):
 garbage-first heap   total 73728K, used 49728K [0x0000000091000000, 0x0000000100000000)
  region size 1024K, 10 young (10240K), 1 survivors (1024K)
 Metaspace       used 34072K, committed 34432K, reserved 1081344K
  class space    used 4425K, committed 4608K, reserved 1048576K
}
Event: 22.990 GC heap after
{Heap after GC invocations=24 (full 0):
 garbage-first heap   total 73728K, used 42008K [0x0000000091000000, 0x0000000100000000)
  region size 1024K, 2 young (2048K), 2 survivors (2048K)
 Metaspace       used 34072K, committed 34432K, reserved 1081344K
  class space    used 4425K, committed 4608K, reserved 1048576K
}
Event: 23.006 GC heap before
{Heap before GC invocations=24 (full 0):
 garbage-first heap   total 73728K, used 42008K [0x0000000091000000, 0x0000000100000000)
  region size 1024K, 3 young (3072K), 2 survivors (2048K)
 Metaspace       used 34169K, committed 34496K, reserved 1081344K
  class space    used 4431K, committed 4608K, reserved 1048576K
}
Event: 23.014 GC heap after
{Heap after GC invocations=25 (full 0):
 garbage-first heap   total 128000K, used 41831K [0x0000000091000000, 0x0000000100000000)
  region size 1024K, 1 young (1024K), 1 survivors (1024K)
 Metaspace       used 34169K, committed 34496K, reserved 1081344K
  class space    used 4431K, committed 4608K, reserved 1048576K
}
Event: 23.251 GC heap before
{Heap before GC invocations=25 (full 0):
 garbage-first heap   total 128000K, used 81767K [0x0000000091000000, 0x0000000100000000)
  region size 1024K, 41 young (41984K), 1 survivors (1024K)
 Metaspace       used 34169K, committed 34496K, reserved 1081344K
  class space    used 4431K, committed 4608K, reserved 1048576K
}
Event: 23.258 GC heap after
{Heap after GC invocations=26 (full 0):
 garbage-first heap   total 128000K, used 43639K [0x0000000091000000, 0x0000000100000000)
  region size 1024K, 3 young (3072K), 3 survivors (3072K)
 Metaspace       used 34169K, committed 34496K, reserved 1081344K
  class space    used 4431K, committed 4608K, reserved 1048576K
}
Event: 23.520 GC heap before
{Heap before GC invocations=26 (full 0):
 garbage-first heap   total 128000K, used 91767K [0x0000000091000000, 0x0000000100000000)
  region size 1024K, 51 young (52224K), 3 survivors (3072K)
 Metaspace       used 34169K, committed 34496K, reserved 1081344K
  class space    used 4431K, committed 4608K, reserved 1048576K
}
Event: 23.528 GC heap after
{Heap after GC invocations=27 (full 0):
 garbage-first heap   total 128000K, used 45667K [0x0000000091000000, 0x0000000100000000)
  region size 1024K, 4 young (4096K), 4 survivors (4096K)
 Metaspace       used 34169K, committed 34496K, reserved 1081344K
  class space    used 4431K, committed 4608K, reserved 1048576K
}
Event: 23.981 GC heap before
{Heap before GC invocations=27 (full 0):
 garbage-first heap   total 128000K, used 95843K [0x0000000091000000, 0x0000000100000000)
  region size 1024K, 54 young (55296K), 4 survivors (4096K)
 Metaspace       used 34169K, committed 34496K, reserved 1081344K
  class space    used 4431K, committed 4608K, reserved 1048576K
}
Event: 23.993 GC heap after
{Heap after GC invocations=28 (full 0):
 garbage-first heap   total 128000K, used 48544K [0x0000000091000000, 0x0000000100000000)
  region size 1024K, 5 young (5120K), 5 survivors (5120K)
 Metaspace       used 34169K, committed 34496K, reserved 1081344K
  class space    used 4431K, committed 4608K, reserved 1048576K
}
Event: 24.377 GC heap before
{Heap before GC invocations=28 (full 0):
 garbage-first heap   total 128000K, used 98720K [0x0000000091000000, 0x0000000100000000)
  region size 1024K, 55 young (56320K), 5 survivors (5120K)
 Metaspace       used 34169K, committed 34496K, reserved 1081344K
  class space    used 4431K, committed 4608K, reserved 1048576K
}

