# JRE version: OpenJDK Runtime Environment Temurin-17.0.3+7 (17.0.3+7) (build 17.0.3+7)
# Java VM: OpenJDK 64-Bit Server VM Temurin-17.0.3+7 (17.0.3+7, mixed mode, emulated-client, tiered, compressed oops, compressed class ptrs, g1 gc, windows-amd64)
GC Precious Log:
 CPUs: 4 total, 4 available
 Memory: 7102M
 Large Page Support: Disabled
 NUMA Support: Disabled
 Compressed Oops: Enabled (32-bit)
 Heap Region Size: 1M
 Heap Min Capacity: 8M
 Heap Initial Capacity: 112M
 Heap Max Capacity: 1776M
 Pre-touch: Disabled
 Parallel Workers: 4
 Concurrent Workers: 1
 Concurrent Refinement Workers: 4
 Periodic GC: Disabled
Heap:
 garbage-first heap   total 114688K, used 12427K [0x0000000091000000, 0x0000000100000000)
  region size 1024K, 6 young (6144K), 3 survivors (3072K)
 Metaspace       used 16491K, committed 16640K, reserved 1064960K
  class space    used 2001K, committed 2048K, reserved 1048576K
GC Heap History (6 events):
Event: 9.192 GC heap before
{Heap before GC invocations=0 (full 0):
 garbage-first heap   total 114688K, used 12288K [0x0000000091000000, 0x0000000100000000)
  region size 1024K, 13 young (13312K), 0 survivors (0K)
 Metaspace       used 6847K, committed 7104K, reserved 1056768K
  class space    used 718K, committed 832K, reserved 1048576K
}
Event: 9.218 GC heap after
{Heap after GC invocations=1 (full 0):
 garbage-first heap   total 114688K, used 6677K [0x0000000091000000, 0x0000000100000000)
  region size 1024K, 2 young (2048K), 2 survivors (2048K)
 Metaspace       used 6847K, committed 7104K, reserved 1056768K
  class space    used 718K, committed 832K, reserved 1048576K
}
Event: 11.438 GC heap before
{Heap before GC invocations=1 (full 0):
 garbage-first heap   total 114688K, used 14869K [0x0000000091000000, 0x0000000100000000)
  region size 1024K, 10 young (10240K), 2 survivors (2048K)
 Metaspace       used 9809K, committed 9920K, reserved 1064960K
  class space    used 1118K, committed 1152K, reserved 1048576K
}
Event: 11.448 GC heap after
{Heap after GC invocations=2 (full 0):
 garbage-first heap   total 114688K, used 8060K [0x0000000091000000, 0x0000000100000000)
  region size 1024K, 2 young (2048K), 2 survivors (2048K)
 Metaspace       used 9809K, committed 9920K, reserved 1064960K
  class space    used 1118K, committed 1152K, reserved 1048576K
}
Event: 15.808 GC heap before
{Heap before GC invocations=2 (full 0):
 garbage-first heap   total 114688K, used 27516K [0x0000000091000000, 0x0000000100000000)
  region size 1024K, 21 young (21504K), 2 survivors (2048K)
 Metaspace       used 16278K, committed 16448K, reserved 1064960K
  class space    used 1984K, committed 2048K, reserved 1048576K
}
Event: 15.821 GC heap after
{Heap after GC invocations=3 (full 0):
 garbage-first heap   total 114688K, used 10379K [0x0000000091000000, 0x0000000100000000)
  region size 1024K, 3 young (3072K), 3 survivors (3072K)
 Metaspace       used 16278K, committed 16448K, reserved 1064960K
  class space    used 1984K, committed 2048K, reserved 1048576K
}

