# JRE version: OpenJDK Runtime Environment Temurin-17.0.3+7 (17.0.3+7) (build 17.0.3+7)
# Java VM: OpenJDK 64-Bit Server VM Temurin-17.0.3+7 (17.0.3+7, mixed mode, emulated-client, tiered, compressed oops, compressed class ptrs, g1 gc, windows-amd64)
GC Precious Log:
 CPUs: 4 total, 4 available
 Memory: 7102M
 Large Page Support: Disabled
 NUMA Support: Disabled
 Compressed Oops: Enabled (32-bit)
 Heap Region Size: 1M
 Heap Min Capacity: 8M
 Heap Initial Capacity: 112M
 Heap Max Capacity: 1776M
 Pre-touch: Disabled
 Parallel Workers: 4
 Concurrent Workers: 1
 Concurrent Refinement Workers: 4
 Periodic GC: Disabled
Heap:
 garbage-first heap   total 58368K, used 41377K [0x0000000091000000, 0x0000000100000000)
  region size 1024K, 6 young (6144K), 2 survivors (2048K)
 Metaspace       used 33954K, committed 34240K, reserved 1081344K
  class space    used 4409K, committed 4544K, reserved 1048576K
GC Heap History (20 events):
Event: 7.621 GC heap before
{Heap before GC invocations=5 (full 0):
 garbage-first heap   total 45056K, used 33020K [0x0000000091000000, 0x0000000100000000)
  region size 1024K, 26 young (26624K), 4 survivors (4096K)
 Metaspace       used 24800K, committed 25024K, reserved 1073152K
  class space    used 3038K, committed 3136K, reserved 1048576K
}
Event: 7.636 GC heap after
{Heap after GC invocations=6 (full 0):
 garbage-first heap   total 45056K, used 13142K [0x0000000091000000, 0x0000000100000000)
  region size 1024K, 3 young (3072K), 3 survivors (3072K)
 Metaspace       used 24800K, committed 25024K, reserved 1073152K
  class space    used 3038K, committed 3136K, reserved 1048576K
}
Event: 8.926 GC heap before
{Heap before GC invocations=6 (full 0):
 garbage-first heap   total 45056K, used 28502K [0x0000000091000000, 0x0000000100000000)
  region size 1024K, 19 young (19456K), 3 survivors (3072K)
 Metaspace       used 27281K, committed 27584K, reserved 1073152K
  class space    used 3412K, committed 3584K, reserved 1048576K
}
Event: 8.942 GC heap after
{Heap after GC invocations=7 (full 0):
 garbage-first heap   total 45056K, used 14524K [0x0000000091000000, 0x0000000100000000)
  region size 1024K, 3 young (3072K), 3 survivors (3072K)
 Metaspace       used 27281K, committed 27584K, reserved 1073152K
  class space    used 3412K, committed 3584K, reserved 1048576K
}
Event: 10.137 GC heap before
{Heap before GC invocations=7 (full 0):
 garbage-first heap   total 45056K, used 28860K [0x0000000091000000, 0x0000000100000000)
  region size 1024K, 18 young (18432K), 3 survivors (3072K)
 Metaspace       used 30412K, committed 30720K, reserved 1081344K
  class space    used 3826K, committed 3968K, reserved 1048576K
}
Event: 10.157 GC heap after
{Heap after GC invocations=8 (full 0):
 garbage-first heap   total 45056K, used 16141K [0x0000000091000000, 0x0000000100000000)
  region size 1024K, 2 young (2048K), 2 survivors (2048K)
 Metaspace       used 30412K, committed 30720K, reserved 1081344K
  class space    used 3826K, committed 3968K, reserved 1048576K
}
Event: 11.840 GC heap before
{Heap before GC invocations=8 (full 0):
 garbage-first heap   total 45056K, used 30477K [0x0000000091000000, 0x0000000100000000)
  region size 1024K, 17 young (17408K), 2 survivors (2048K)
 Metaspace       used 32124K, committed 32384K, reserved 1081344K
  class space    used 4069K, committed 4160K, reserved 1048576K
}
Event: 11.856 GC heap after
{Heap after GC invocations=9 (full 0):
 garbage-first heap   total 54272K, used 18334K [0x0000000091000000, 0x0000000100000000)
  region size 1024K, 3 young (3072K), 3 survivors (3072K)
 Metaspace       used 32124K, committed 32384K, reserved 1081344K
  class space    used 4069K, committed 4160K, reserved 1048576K
}
Event: 12.731 GC heap before
{Heap before GC invocations=9 (full 0):
 garbage-first heap   total 54272K, used 37790K [0x0000000091000000, 0x0000000100000000)
  region size 1024K, 23 young (23552K), 3 survivors (3072K)
 Metaspace       used 32584K, committed 32896K, reserved 1081344K
  class space    used 4141K, committed 4288K, reserved 1048576K
}
Event: 12.749 GC heap after
{Heap after GC invocations=10 (full 0):
 garbage-first heap   total 54272K, used 22127K [0x0000000091000000, 0x0000000100000000)
  region size 1024K, 3 young (3072K), 3 survivors (3072K)
 Metaspace       used 32584K, committed 32896K, reserved 1081344K
  class space    used 4141K, committed 4288K, reserved 1048576K
}
Event: 13.222 GC heap before
{Heap before GC invocations=10 (full 0):
 garbage-first heap   total 54272K, used 37487K [0x0000000091000000, 0x0000000100000000)
  region size 1024K, 19 young (19456K), 3 survivors (3072K)
 Metaspace       used 32947K, committed 33216K, reserved 1081344K
  class space    used 4197K, committed 4288K, reserved 1048576K
}
Event: 13.236 GC heap after
{Heap after GC invocations=11 (full 0):
 garbage-first heap   total 54272K, used 25446K [0x0000000091000000, 0x0000000100000000)
  region size 1024K, 3 young (3072K), 3 survivors (3072K)
 Metaspace       used 32947K, committed 33216K, reserved 1081344K
  class space    used 4197K, committed 4288K, reserved 1048576K
}
Event: 13.435 GC heap before
{Heap before GC invocations=11 (full 0):
 garbage-first heap   total 54272K, used 38758K [0x0000000091000000, 0x0000000100000000)
  region size 1024K, 16 young (16384K), 3 survivors (3072K)
 Metaspace       used 33258K, committed 33536K, reserved 1081344K
  class space    used 4247K, committed 4352K, reserved 1048576K
}
Event: 13.460 GC heap after
{Heap after GC invocations=12 (full 0):
 garbage-first heap   total 54272K, used 31294K [0x0000000091000000, 0x0000000100000000)
  region size 1024K, 2 young (2048K), 2 survivors (2048K)
 Metaspace       used 33258K, committed 33536K, reserved 1081344K
  class space    used 4247K, committed 4352K, reserved 1048576K
}
Event: 14.384 GC heap before
{Heap before GC invocations=12 (full 0):
 garbage-first heap   total 54272K, used 39486K [0x0000000091000000, 0x0000000100000000)
  region size 1024K, 10 young (10240K), 2 survivors (2048K)
 Metaspace       used 33900K, committed 34176K, reserved 1081344K
  class space    used 4400K, committed 4544K, reserved 1048576K
}
Event: 14.393 GC heap after
{Heap after GC invocations=13 (full 0):
 garbage-first heap   total 54272K, used 32375K [0x0000000091000000, 0x0000000100000000)
  region size 1024K, 1 young (1024K), 1 survivors (1024K)
 Metaspace       used 33900K, committed 34176K, reserved 1081344K
  class space    used 4400K, committed 4544K, reserved 1048576K
}
Event: 15.076 GC heap before
{Heap before GC invocations=14 (full 0):
 garbage-first heap   total 58368K, used 40567K [0x0000000091000000, 0x0000000100000000)
  region size 1024K, 9 young (9216K), 1 survivors (1024K)
 Metaspace       used 33901K, committed 34176K, reserved 1081344K
  class space    used 4400K, committed 4544K, reserved 1048576K
}
Event: 15.081 GC heap after
{Heap after GC invocations=15 (full 0):
 garbage-first heap   total 58368K, used 32325K [0x0000000091000000, 0x0000000100000000)
  region size 1024K, 1 young (1024K), 1 survivors (1024K)
 Metaspace       used 33901K, committed 34176K, reserved 1081344K
  class space    used 4400K, committed 4544K, reserved 1048576K
}
Event: 15.213 GC heap before
{Heap before GC invocations=15 (full 0):
 garbage-first heap   total 58368K, used 43589K [0x0000000091000000, 0x0000000100000000)
  region size 1024K, 12 young (12288K), 1 survivors (1024K)
 Metaspace       used 33903K, committed 34176K, reserved 1081344K
  class space    used 4402K, committed 4544K, reserved 1048576K
}
Event: 15.235 GC heap after
{Heap after GC invocations=16 (full 0):
 garbage-first heap   total 58368K, used 39329K [0x0000000091000000, 0x0000000100000000)
  region size 1024K, 2 young (2048K), 2 survivors (2048K)
 Metaspace       used 33903K, committed 34176K, reserved 1081344K
  class space    used 4402K, committed 4544K, reserved 1048576K
}

