# JRE version: OpenJDK Runtime Environment Temurin-17.0.3+7 (17.0.3+7) (build 17.0.3+7)
# Java VM: OpenJDK 64-Bit Server VM Temurin-17.0.3+7 (17.0.3+7, mixed mode, emulated-client, tiered, compressed oops, compressed class ptrs, g1 gc, windows-amd64)
GC Precious Log:
 CPUs: 4 total, 4 available
 Memory: 7102M
 Large Page Support: Disabled
 NUMA Support: Disabled
 Compressed Oops: Enabled (32-bit)
 Heap Region Size: 1M
 Heap Min Capacity: 8M
 Heap Initial Capacity: 112M
 Heap Max Capacity: 1776M
 Pre-touch: Disabled
 Parallel Workers: 4
 Concurrent Workers: 1
 Concurrent Refinement Workers: 4
 Periodic GC: Disabled
Heap:
 garbage-first heap   total 51200K, used 15125K [0x0000000091000000, 0x0000000100000000)
  region size 1024K, 1 young (1024K), 0 survivors (0K)
 Metaspace       used 40827K, committed 41216K, reserved 1089536K
  class space    used 5619K, committed 5760K, reserved 1048576K
GC Heap History (20 events):
Event: 965.405 GC heap before
{Heap before GC invocations=112 (full 61):
 garbage-first heap   total 51200K, used 15125K [0x0000000091000000, 0x0000000100000000)
  region size 1024K, 1 young (1024K), 0 survivors (0K)
 Metaspace       used 40827K, committed 41216K, reserved 1089536K
  class space    used 5619K, committed 5760K, reserved 1048576K
}
Event: 965.458 GC heap after
{Heap after GC invocations=113 (full 62):
 garbage-first heap   total 51200K, used 15125K [0x0000000091000000, 0x0000000100000000)
  region size 1024K, 0 young (0K), 0 survivors (0K)
 Metaspace       used 40827K, committed 41216K, reserved 1089536K
  class space    used 5619K, committed 5760K, reserved 1048576K
}
Event: 976.474 GC heap before
{Heap before GC invocations=113 (full 62):
 garbage-first heap   total 51200K, used 15125K [0x0000000091000000, 0x0000000100000000)
  region size 1024K, 1 young (1024K), 0 survivors (0K)
 Metaspace       used 40827K, committed 41216K, reserved 1089536K
  class space    used 5619K, committed 5760K, reserved 1048576K
}
Event: 976.527 GC heap after
{Heap after GC invocations=114 (full 63):
 garbage-first heap   total 51200K, used 15125K [0x0000000091000000, 0x0000000100000000)
  region size 1024K, 0 young (0K), 0 survivors (0K)
 Metaspace       used 40827K, committed 41216K, reserved 1089536K
  class space    used 5619K, committed 5760K, reserved 1048576K
}
Event: 987.753 GC heap before
{Heap before GC invocations=114 (full 63):
 garbage-first heap   total 51200K, used 15125K [0x0000000091000000, 0x0000000100000000)
  region size 1024K, 1 young (1024K), 0 survivors (0K)
 Metaspace       used 40827K, committed 41216K, reserved 1089536K
  class space    used 5619K, committed 5760K, reserved 1048576K
}
Event: 987.807 GC heap after
{Heap after GC invocations=115 (full 64):
 garbage-first heap   total 51200K, used 15125K [0x0000000091000000, 0x0000000100000000)
  region size 1024K, 0 young (0K), 0 survivors (0K)
 Metaspace       used 40827K, committed 41216K, reserved 1089536K
  class space    used 5619K, committed 5760K, reserved 1048576K
}
Event: 1000.185 GC heap before
{Heap before GC invocations=115 (full 64):
 garbage-first heap   total 51200K, used 15125K [0x0000000091000000, 0x0000000100000000)
  region size 1024K, 1 young (1024K), 0 survivors (0K)
 Metaspace       used 40827K, committed 41216K, reserved 1089536K
  class space    used 5619K, committed 5760K, reserved 1048576K
}
Event: 1000.239 GC heap after
{Heap after GC invocations=116 (full 65):
 garbage-first heap   total 51200K, used 15125K [0x0000000091000000, 0x0000000100000000)
  region size 1024K, 0 young (0K), 0 survivors (0K)
 Metaspace       used 40827K, committed 41216K, reserved 1089536K
  class space    used 5619K, committed 5760K, reserved 1048576K
}
Event: 1012.076 GC heap before
{Heap before GC invocations=116 (full 65):
 garbage-first heap   total 51200K, used 15125K [0x0000000091000000, 0x0000000100000000)
  region size 1024K, 1 young (1024K), 0 survivors (0K)
 Metaspace       used 40827K, committed 41216K, reserved 1089536K
  class space    used 5619K, committed 5760K, reserved 1048576K
}
Event: 1012.129 GC heap after
{Heap after GC invocations=117 (full 66):
 garbage-first heap   total 51200K, used 15125K [0x0000000091000000, 0x0000000100000000)
  region size 1024K, 0 young (0K), 0 survivors (0K)
 Metaspace       used 40827K, committed 41216K, reserved 1089536K
  class space    used 5619K, committed 5760K, reserved 1048576K
}
Event: 1025.046 GC heap before
{Heap before GC invocations=117 (full 66):
 garbage-first heap   total 51200K, used 15125K [0x0000000091000000, 0x0000000100000000)
  region size 1024K, 1 young (1024K), 0 survivors (0K)
 Metaspace       used 40827K, committed 41216K, reserved 1089536K
  class space    used 5619K, committed 5760K, reserved 1048576K
}
Event: 1025.100 GC heap after
{Heap after GC invocations=118 (full 67):
 garbage-first heap   total 51200K, used 15125K [0x0000000091000000, 0x0000000100000000)
  region size 1024K, 0 young (0K), 0 survivors (0K)
 Metaspace       used 40827K, committed 41216K, reserved 1089536K
  class space    used 5619K, committed 5760K, reserved 1048576K
}
Event: 1036.213 GC heap before
{Heap before GC invocations=118 (full 67):
 garbage-first heap   total 51200K, used 15125K [0x0000000091000000, 0x0000000100000000)
  region size 1024K, 1 young (1024K), 0 survivors (0K)
 Metaspace       used 40827K, committed 41216K, reserved 1089536K
  class space    used 5619K, committed 5760K, reserved 1048576K
}
Event: 1036.266 GC heap after
{Heap after GC invocations=119 (full 68):
 garbage-first heap   total 51200K, used 15125K [0x0000000091000000, 0x0000000100000000)
  region size 1024K, 0 young (0K), 0 survivors (0K)
 Metaspace       used 40827K, committed 41216K, reserved 1089536K
  class space    used 5619K, committed 5760K, reserved 1048576K
}
Event: 1047.943 GC heap before
{Heap before GC invocations=119 (full 68):
 garbage-first heap   total 51200K, used 15125K [0x0000000091000000, 0x0000000100000000)
  region size 1024K, 1 young (1024K), 0 survivors (0K)
 Metaspace       used 40827K, committed 41216K, reserved 1089536K
  class space    used 5619K, committed 5760K, reserved 1048576K
}
Event: 1047.996 GC heap after
{Heap after GC invocations=120 (full 69):
 garbage-first heap   total 51200K, used 15125K [0x0000000091000000, 0x0000000100000000)
  region size 1024K, 0 young (0K), 0 survivors (0K)
 Metaspace       used 40827K, committed 41216K, reserved 1089536K
  class space    used 5619K, committed 5760K, reserved 1048576K
}
Event: 1059.281 GC heap before
{Heap before GC invocations=120 (full 69):
 garbage-first heap   total 51200K, used 15125K [0x0000000091000000, 0x0000000100000000)
  region size 1024K, 1 young (1024K), 0 survivors (0K)
 Metaspace       used 40827K, committed 41216K, reserved 1089536K
  class space    used 5619K, committed 5760K, reserved 1048576K
}
Event: 1059.334 GC heap after
{Heap after GC invocations=121 (full 70):
 garbage-first heap   total 51200K, used 15125K [0x0000000091000000, 0x0000000100000000)
  region size 1024K, 0 young (0K), 0 survivors (0K)
 Metaspace       used 40827K, committed 41216K, reserved 1089536K
  class space    used 5619K, committed 5760K, reserved 1048576K
}
Event: 1070.086 GC heap before
{Heap before GC invocations=121 (full 70):
 garbage-first heap   total 51200K, used 15125K [0x0000000091000000, 0x0000000100000000)
  region size 1024K, 1 young (1024K), 0 survivors (0K)
 Metaspace       used 40827K, committed 41216K, reserved 1089536K
  class space    used 5619K, committed 5760K, reserved 1048576K
}
Event: 1070.139 GC heap after
{Heap after GC invocations=122 (full 71):
 garbage-first heap   total 51200K, used 15125K [0x0000000091000000, 0x0000000100000000)
  region size 1024K, 0 young (0K), 0 survivors (0K)
 Metaspace       used 40827K, committed 41216K, reserved 1089536K
  class space    used 5619K, committed 5760K, reserved 1048576K
}

