# JRE version: OpenJDK Runtime Environment Temurin-17.0.3+7 (17.0.3+7) (build 17.0.3+7)
# Java VM: OpenJDK 64-Bit Server VM Temurin-17.0.3+7 (17.0.3+7, mixed mode, emulated-client, tiered, compressed oops, compressed class ptrs, g1 gc, windows-amd64)
GC Precious Log:
 CPUs: 4 total, 4 available
 Memory: 7102M
 Large Page Support: Disabled
 NUMA Support: Disabled
 Compressed Oops: Enabled (32-bit)
 Heap Region Size: 1M
 Heap Min Capacity: 8M
 Heap Initial Capacity: 112M
 Heap Max Capacity: 1776M
 Pre-touch: Disabled
 Parallel Workers: 4
 Concurrent Workers: 1
 Concurrent Refinement Workers: 4
 Periodic GC: Disabled
Heap:
 garbage-first heap   total 96256K, used 44343K [0x0000000091000000, 0x0000000100000000)
  region size 1024K, 2 young (2048K), 2 survivors (2048K)
 Metaspace       used 34179K, committed 34560K, reserved 1081344K
  class space    used 4435K, committed 4608K, reserved 1048576K
GC Heap History (20 events):
Event: 11.772 GC heap after
{Heap after GC invocations=10 (full 0):
 garbage-first heap   total 54272K, used 21518K [0x0000000091000000, 0x0000000100000000)
  region size 1024K, 2 young (2048K), 2 survivors (2048K)
 Metaspace       used 32268K, committed 32576K, reserved 1081344K
  class space    used 4096K, committed 4288K, reserved 1048576K
}
Event: 12.300 GC heap before
{Heap before GC invocations=10 (full 0):
 garbage-first heap   total 54272K, used 37902K [0x0000000091000000, 0x0000000100000000)
  region size 1024K, 19 young (19456K), 2 survivors (2048K)
 Metaspace       used 32631K, committed 32960K, reserved 1081344K
  class space    used 4150K, committed 4352K, reserved 1048576K
}
Event: 12.313 GC heap after
{Heap after GC invocations=11 (full 0):
 garbage-first heap   total 54272K, used 25153K [0x0000000091000000, 0x0000000100000000)
  region size 1024K, 3 young (3072K), 3 survivors (3072K)
 Metaspace       used 32631K, committed 32960K, reserved 1081344K
  class space    used 4150K, committed 4352K, reserved 1048576K
}
Event: 12.637 GC heap before
{Heap before GC invocations=11 (full 0):
 garbage-first heap   total 54272K, used 37441K [0x0000000091000000, 0x0000000100000000)
  region size 1024K, 16 young (16384K), 3 survivors (3072K)
 Metaspace       used 32866K, committed 33216K, reserved 1081344K
  class space    used 4190K, committed 4352K, reserved 1048576K
}
Event: 12.657 GC heap after
{Heap after GC invocations=12 (full 0):
 garbage-first heap   total 54272K, used 30121K [0x0000000091000000, 0x0000000100000000)
  region size 1024K, 2 young (2048K), 2 survivors (2048K)
 Metaspace       used 32866K, committed 33216K, reserved 1081344K
  class space    used 4190K, committed 4352K, reserved 1048576K
}
Event: 13.111 GC heap before
{Heap before GC invocations=12 (full 0):
 garbage-first heap   total 54272K, used 39337K [0x0000000091000000, 0x0000000100000000)
  region size 1024K, 11 young (11264K), 2 survivors (2048K)
 Metaspace       used 33746K, committed 34048K, reserved 1081344K
  class space    used 4367K, committed 4544K, reserved 1048576K
}
Event: 13.125 GC heap after
{Heap after GC invocations=13 (full 0):
 garbage-first heap   total 54272K, used 32651K [0x0000000091000000, 0x0000000100000000)
  region size 1024K, 2 young (2048K), 2 survivors (2048K)
 Metaspace       used 33746K, committed 34048K, reserved 1081344K
  class space    used 4367K, committed 4544K, reserved 1048576K
}
Event: 14.113 GC heap before
{Heap before GC invocations=14 (full 0):
 garbage-first heap   total 60416K, used 39819K [0x0000000091000000, 0x0000000100000000)
  region size 1024K, 9 young (9216K), 2 survivors (2048K)
 Metaspace       used 33896K, committed 34240K, reserved 1081344K
  class space    used 4401K, committed 4544K, reserved 1048576K
}
Event: 14.121 GC heap after
{Heap after GC invocations=15 (full 0):
 garbage-first heap   total 60416K, used 33185K [0x0000000091000000, 0x0000000100000000)
  region size 1024K, 1 young (1024K), 1 survivors (1024K)
 Metaspace       used 33896K, committed 34240K, reserved 1081344K
  class space    used 4401K, committed 4544K, reserved 1048576K
}
Event: 14.420 GC heap before
{Heap before GC invocations=15 (full 0):
 garbage-first heap   total 60416K, used 44449K [0x0000000091000000, 0x0000000100000000)
  region size 1024K, 12 young (12288K), 1 survivors (1024K)
 Metaspace       used 33896K, committed 34240K, reserved 1081344K
  class space    used 4402K, committed 4544K, reserved 1048576K
}
Event: 14.433 GC heap after
{Heap after GC invocations=16 (full 0):
 garbage-first heap   total 78848K, used 36583K [0x0000000091000000, 0x0000000100000000)
  region size 1024K, 2 young (2048K), 2 survivors (2048K)
 Metaspace       used 33896K, committed 34240K, reserved 1081344K
  class space    used 4402K, committed 4544K, reserved 1048576K
}
Event: 14.967 GC heap before
{Heap before GC invocations=17 (full 0):
 garbage-first heap   total 78848K, used 55015K [0x0000000091000000, 0x0000000100000000)
  region size 1024K, 21 young (21504K), 2 survivors (2048K)
 Metaspace       used 33951K, committed 34240K, reserved 1081344K
  class space    used 4412K, committed 4544K, reserved 1048576K
}
Event: 14.985 GC heap after
{Heap after GC invocations=18 (full 0):
 garbage-first heap   total 78848K, used 41772K [0x0000000091000000, 0x0000000100000000)
  region size 1024K, 3 young (3072K), 3 survivors (3072K)
 Metaspace       used 33951K, committed 34240K, reserved 1081344K
  class space    used 4412K, committed 4544K, reserved 1048576K
}
Event: 14.996 GC heap before
{Heap before GC invocations=18 (full 0):
 garbage-first heap   total 78848K, used 41772K [0x0000000091000000, 0x0000000100000000)
  region size 1024K, 4 young (4096K), 3 survivors (3072K)
 Metaspace       used 33951K, committed 34240K, reserved 1081344K
  class space    used 4412K, committed 4544K, reserved 1048576K
}
Event: 15.004 GC heap after
{Heap after GC invocations=19 (full 0):
 garbage-first heap   total 78848K, used 42273K [0x0000000091000000, 0x0000000100000000)
  region size 1024K, 1 young (1024K), 1 survivors (1024K)
 Metaspace       used 33951K, committed 34240K, reserved 1081344K
  class space    used 4412K, committed 4544K, reserved 1048576K
}
Event: 15.105 GC heap before
{Heap before GC invocations=19 (full 0):
 garbage-first heap   total 78848K, used 56609K [0x0000000091000000, 0x0000000100000000)
  region size 1024K, 16 young (16384K), 1 survivors (1024K)
 Metaspace       used 34179K, committed 34560K, reserved 1081344K
  class space    used 4435K, committed 4608K, reserved 1048576K
}
Event: 15.108 GC heap after
{Heap after GC invocations=20 (full 0):
 garbage-first heap   total 78848K, used 42609K [0x0000000091000000, 0x0000000100000000)
  region size 1024K, 1 young (1024K), 1 survivors (1024K)
 Metaspace       used 34179K, committed 34560K, reserved 1081344K
  class space    used 4435K, committed 4608K, reserved 1048576K
}
Event: 15.194 GC heap before
{Heap before GC invocations=20 (full 0):
 garbage-first heap   total 78848K, used 58993K [0x0000000091000000, 0x0000000100000000)
  region size 1024K, 19 young (19456K), 1 survivors (1024K)
 Metaspace       used 34179K, committed 34560K, reserved 1081344K
  class space    used 4435K, committed 4608K, reserved 1048576K
}
Event: 15.198 GC heap after
{Heap after GC invocations=21 (full 0):
 garbage-first heap   total 78848K, used 43584K [0x0000000091000000, 0x0000000100000000)
  region size 1024K, 2 young (2048K), 2 survivors (2048K)
 Metaspace       used 34179K, committed 34560K, reserved 1081344K
  class space    used 4435K, committed 4608K, reserved 1048576K
}
Event: 15.301 GC heap before
{Heap before GC invocations=21 (full 0):
 garbage-first heap   total 96256K, used 59968K [0x0000000091000000, 0x0000000100000000)
  region size 1024K, 19 young (19456K), 2 survivors (2048K)
 Metaspace       used 34179K, committed 34560K, reserved 1081344K
  class space    used 4435K, committed 4608K, reserved 1048576K
}

